Arguments: 
  /usr/local/Cellar/node@14/14.17.0/bin/node /Users/ron/.yarn/lib/cli.js add @wg/types@0.0.0

PATH: 
  /Users/ron/.yarn/bin:/Users/ron/.config/yarn/global/node_modules/.bin:/usr/local/bin:/usr/bin:/bin:/usr/sbin:/sbin

Yarn version: 
  1.22.15

Node version: 
  14.17.0

Platform: 
  darwin x64

Trace: 
  Error: ENOENT: no such file or directory, copyfile '/Users/ron/Library/Caches/Yarn/v6/npm-fast-deep-equal-2.0.1-7b05218ddf9667bf7f370bf7fdb2cb15fdd0aa49-integrity/node_modules/fast-deep-equal/README.md' -> '/Users/ron/private_git/wg-new/node_modules/@preconstruct/cli/node_modules/fast-deep-equal/README.md'

npm manifest: 
  {
    "name": "@wg/client",
    "version": "0.0.0",
    "scripts": {
      "dev": "vite",
      "build": "vite build",
      "serve": "vite preview",
      "format": "prettier --write ."
    },
    "dependencies": {
      "@hookform/resolvers": "^2.8.2",
      "autoprefixer": "^10.3.7",
      "axios": "^0.21.4",
      "date-fns": "^2.25.0",
      "postcss": "^8.3.9",
      "react": "^17.0.2",
      "react-datepicker": "^4.2.1",
      "react-dom": "^17.0.2",
      "react-hook-form": "^7.17.3",
      "react-query": "^3.26.0",
      "tailwindcss": "^2.2.16",
      "vite-plugin-svgr": "^0.4.0",
      "wouter": "^2.7.5",
      "yup": "^0.32.11",
      "zod": "^3.9.8",
      "zustand": "^3.5.13"
    },
    "devDependencies": {
      "@iconify/json": "^1.1.414",
      "@types/react": "^17.0.29",
      "@types/react-datepicker": "^4.1.7",
      "@types/react-dom": "^17.0.9",
      "@types/react-table": "^7.7.6",
      "@types/styled-components": "^5.1.15",
      "@vitejs/plugin-react-refresh": "^1.3.6",
      "eslint": "^7.32.0",
      "eslint-plugin-react": "^7.26.1",
      "husky": "^7.0.2",
      "lint-staged": "^11.2.3",
      "postcss-windicss": "^1.0.0",
      "prettier": "^2.4.1",
      "react-table": "^7.7.0",
      "sass": "^1.42.1",
      "tsconfig-paths": "^3.11.0",
      "typescript": "^4.4.4",
      "unplugin-auto-import": "^0.4.12",
      "unplugin-icons": "^0.11.4",
      "vite": "^2.6.7",
      "vite-plugin-babel-macros": "^1.0.5",
      "vite-plugin-windicss": "^1.4.11",
      "windicss": "^3.1.9"
    }
  }

yarn manifest: 
  No manifest

Lockfile: 
  No lockfile
